<?xml version="1.0" encoding="utf-8"?><testsuites name="pytest tests"><testsuite name="pytest" errors="0" failures="0" skipped="0" tests="11" time="0.123" timestamp="2026-06-25T04:25:06.876988-04:00" hostname="LABPC"><testcase classname="tests.test_budget" name="test_check_budget_within_and_over_budget_for_cc_003" time="0.001" /><testcase classname="tests.test_policy_compliance" name="test_pol_004_req_009_catering_prohibition_denies" time="0.001" /><testcase classname="tests.test_policy_compliance" name="test_pol_002_manager_threshold_range_flags_request" time="0.001" /><testcase classname="tests.test_policy_compliance" name="test_pol_005_req_007_expired_contract_denies" time="0.001" /><testcase classname="tests.test_policy_compliance" name="test_purchase_request_missing_vendor_id_fails_validation" time="0.003" /><testcase classname="tests.test_risk_assessment" name="test_assess_risk_compliance_flagged_vendor_is_critical" time="0.001" /><testcase classname="tests.test_risk_assessment" name="test_assess_risk_expired_contract_vendor_is_high" time="0.001" /><testcase classname="tests.test_risk_assessment" name="test_assess_risk_no_contract_vendor_is_medium" time="0.001" /><testcase classname="tests.test_risk_assessment" name="test_assess_risk_active_compliant_vendor_is_low" time="0.001" /><testcase classname="tests.test_risk_assessment" name="test_assess_risk_missing_vendor_returns_error_context" time="0.001" /><testcase classname="tests.test_vendor_duplication" name="test_req_008_detects_expected_conflicting_vendors" time="0.001" /></testsuite></testsuites>