<?xml version="1.0" encoding="utf-8"?><testsuites name="pytest tests"><testsuite name="pytest" errors="0" failures="0" skipped="0" tests="34" time="1.431" timestamp="2026-06-22T07:05:45.567908-04:00" hostname="LABPC"><testcase classname="tests.test_agent" name="test_approve_req001" time="0.002" /><testcase classname="tests.test_agent" name="test_deny_budget_overage_req006" time="0.002" /><testcase classname="tests.test_agent" name="test_deny_policy_catering_req009" time="0.001" /><testcase classname="tests.test_agent" name="test_escalate_compliance_flag_req011" time="0.002" /><testcase classname="tests.test_agent" name="test_deny_expired_contract_req007" time="0.001" /><testcase classname="tests.test_agent" name="test_deny_single_source_violation_req008" time="0.001" /><testcase classname="tests.test_agent" name="test_escalate_near_director_threshold_req014" time="0.001" /><testcase classname="tests.test_agent" name="test_recommendation_always_has_request_id" time="0.001" /><testcase classname="tests.test_budget" name="test_within_budget_returns_true" time="0.001" /><testcase classname="tests.test_budget" name="test_over_budget_returns_false" time="0.001" /><testcase classname="tests.test_budget" name="test_exact_budget_boundary_is_within" time="0.001" /><testcase classname="tests.test_budget" name="test_unknown_cost_center_returns_error" time="0.001" /><testcase classname="tests.test_budget" name="test_result_contains_required_keys" time="0.001" /><testcase classname="tests.test_policy_compliance" name="test_catering_always_denied" time="0.001" /><testcase classname="tests.test_policy_compliance" name="test_compliance_flagged_vendor_escalates" time="0.001" /><testcase classname="tests.test_policy_compliance" name="test_expired_contract_vendor_denied" time="0.001" /><testcase classname="tests.test_policy_compliance" name="test_director_threshold_escalates" time="0.001" /><testcase classname="tests.test_policy_compliance" name="test_near_threshold_escalates" time="0.001" /><testcase classname="tests.test_policy_compliance" name="test_clean_request_has_no_violations" time="0.001" /><testcase classname="tests.test_policy_compliance" name="test_result_always_contains_required_keys" time="0.001" /><testcase classname="tests.test_policy_compliance" name="test_highest_severity_escalate_takes_priority_over_deny" time="0.001" /><testcase classname="tests.test_risk_assessment" name="test_compliance_flagged_vendor_is_critical" time="0.001" /><testcase classname="tests.test_risk_assessment" name="test_expired_contract_vendor_is_high_risk" time="0.001" /><testcase classname="tests.test_risk_assessment" name="test_active_contract_vendor_is_low_risk" time="0.001" /><testcase classname="tests.test_risk_assessment" name="test_unknown_vendor_returns_error_and_high_risk" time="0.001" /><testcase classname="tests.test_risk_assessment" name="test_result_contains_required_keys" time="0.001" /><testcase classname="tests.test_risk_assessment" name="test_vendor_id_echoed_in_result" time="0.001" /><testcase classname="tests.test_risk_assessment" name="test_risk_summary_is_non_empty" time="0.001" /><testcase classname="tests.test_vendor_duplication" name="test_no_violation_below_threshold" time="0.001" /><testcase classname="tests.test_vendor_duplication" name="test_violation_office_supplies_above_threshold" time="0.001" /><testcase classname="tests.test_vendor_duplication" name="test_no_violation_sole_active_vendor_in_category" time="0.001" /><testcase classname="tests.test_vendor_duplication" name="test_result_contains_required_keys" time="0.001" /><testcase classname="tests.test_vendor_duplication" name="test_vendor_id_echoed_in_result" time="0.001" /><testcase classname="tests.test_vendor_duplication" name="test_amount_echoed_in_result" time="0.001" /></testsuite></testsuites>